C:\USERS\INFO\DESKTOP\完全なプロジェクト（実行用）\DENSANACTIONGAME2\DEBUG\AIMATTACK.OBJ
C:\USERS\INFO\DESKTOP\完全なプロジェクト（実行用）\DENSANACTIONGAME2\DEBUG\AIMBULLET.OBJ
C:\USERS\INFO\DESKTOP\完全なプロジェクト（実行用）\DENSANACTIONGAME2\DEBUG\AOBJECT.OBJ
C:\USERS\INFO\DESKTOP\完全なプロジェクト（実行用）\DENSANACTIONGAME2\DEBUG\ATTACK.OBJ
C:\USERS\INFO\DESKTOP\完全なプロジェクト（実行用）\DENSANACTIONGAME2\DEBUG\ATTACKBULLET.OBJ
C:\USERS\INFO\DESKTOP\完全なプロジェクト（実行用）\DENSANACTIONGAME2\DEBUG\BULLET.OBJ
C:\USERS\INFO\DESKTOP\完全なプロジェクト（実行用）\DENSANACTIONGAME2\DEBUG\CHARACTER.OBJ
C:\USERS\INFO\DESKTOP\完全なプロジェクト（実行用）\DENSANACTIONGAME2\DEBUG\CHARACTERCONTROLLER.OBJ
C:\Users\info\Desktop\完全なプロジェクト（実行用）\DensanActionGame2\Debug\cl.command.1.tlog
C:\Users\info\Desktop\完全なプロジェクト（実行用）\DensanActionGame2\Debug\CL.read.1.tlog
C:\Users\info\Desktop\完全なプロジェクト（実行用）\DensanActionGame2\Debug\CL.write.1.tlog
C:\USERS\INFO\DESKTOP\完全なプロジェクト（実行用）\DENSANACTIONGAME2\DEBUG\COIN.OBJ
C:\USERS\INFO\DESKTOP\完全なプロジェクト（実行用）\DENSANACTIONGAME2\DEBUG\DENSANACTIONGAME2.EXE
C:\USERS\INFO\DESKTOP\完全なプロジェクト（実行用）\DENSANACTIONGAME2\DEBUG\DENSANACTIONGAME2.EXE.EMBED.MANIFEST
C:\USERS\INFO\DESKTOP\完全なプロジェクト（実行用）\DENSANACTIONGAME2\DEBUG\DENSANACTIONGAME2.EXE.EMBED.MANIFEST.RES
C:\USERS\INFO\DESKTOP\完全なプロジェクト（実行用）\DENSANACTIONGAME2\DEBUG\DENSANACTIONGAME2.EXE.INTERMEDIATE.MANIFEST
C:\USERS\INFO\DESKTOP\完全なプロジェクト（実行用）\DENSANACTIONGAME2\DEBUG\DENSANACTIONGAME2.ILK
C:\USERS\INFO\DESKTOP\完全なプロジェクト（実行用）\DENSANACTIONGAME2\DEBUG\DENSANACTIONGAME2.PDB
C:\Users\info\Desktop\完全なプロジェクト（実行用）\DensanActionGame2\Debug\DensanActionGame2.write.1.tlog
C:\Users\info\Desktop\完全なプロジェクト（実行用）\DensanActionGame2\Debug\DensanActionGame2_manifest.rc
C:\USERS\INFO\DESKTOP\完全なプロジェクト（実行用）\DENSANACTIONGAME2\DEBUG\ENEMY.OBJ
C:\USERS\INFO\DESKTOP\完全なプロジェクト（実行用）\DENSANACTIONGAME2\DEBUG\FIELD.OBJ
C:\USERS\INFO\DESKTOP\完全なプロジェクト（実行用）\DENSANACTIONGAME2\DEBUG\GAMEMAIN.OBJ
C:\USERS\INFO\DESKTOP\完全なプロジェクト（実行用）\DENSANACTIONGAME2\DEBUG\GOALFLAG.OBJ
C:\USERS\INFO\DESKTOP\完全なプロジェクト（実行用）\DENSANACTIONGAME2\DEBUG\ITEM.OBJ
C:\USERS\INFO\DESKTOP\完全なプロジェクト（実行用）\DENSANACTIONGAME2\DEBUG\JUMPING.OBJ
C:\USERS\INFO\DESKTOP\完全なプロジェクト（実行用）\DENSANACTIONGAME2\DEBUG\JUMPKAME.OBJ
C:\USERS\INFO\DESKTOP\完全なプロジェクト（実行用）\DENSANACTIONGAME2\DEBUG\KAME.OBJ
C:\Users\info\Desktop\完全なプロジェクト（実行用）\DensanActionGame2\Debug\link.2364.read.1.tlog
C:\Users\info\Desktop\完全なプロジェクト（実行用）\DensanActionGame2\Debug\link.2364.write.1.tlog
C:\Users\info\Desktop\完全なプロジェクト（実行用）\DensanActionGame2\Debug\link.2364-cvtres.read.1.tlog
C:\Users\info\Desktop\完全なプロジェクト（実行用）\DensanActionGame2\Debug\link.2364-cvtres.write.1.tlog
C:\Users\info\Desktop\完全なプロジェクト（実行用）\DensanActionGame2\Debug\link.command.1.tlog
C:\Users\info\Desktop\完全なプロジェクト（実行用）\DensanActionGame2\Debug\link.read.1.tlog
C:\Users\info\Desktop\完全なプロジェクト（実行用）\DensanActionGame2\Debug\link.write.1.tlog
C:\Users\info\Desktop\完全なプロジェクト（実行用）\DensanActionGame2\Debug\link-cvtres.read.1.tlog
C:\Users\info\Desktop\完全なプロジェクト（実行用）\DensanActionGame2\Debug\link-cvtres.write.1.tlog
C:\USERS\INFO\DESKTOP\完全なプロジェクト（実行用）\DENSANACTIONGAME2\DEBUG\LOADGRAPHIC.OBJ
C:\USERS\INFO\DESKTOP\完全なプロジェクト（実行用）\DENSANACTIONGAME2\DEBUG\MAIN.OBJ
C:\USERS\INFO\DESKTOP\完全なプロジェクト（実行用）\DENSANACTIONGAME2\DEBUG\MAP.OBJ
C:\USERS\INFO\DESKTOP\完全なプロジェクト（実行用）\DENSANACTIONGAME2\DEBUG\MAPFACTORY.OBJ
C:\USERS\INFO\DESKTOP\完全なプロジェクト（実行用）\DENSANACTIONGAME2\DEBUG\MENU.OBJ
C:\Users\info\Desktop\完全なプロジェクト（実行用）\DensanActionGame2\Debug\mt.command.1.tlog
C:\Users\info\Desktop\完全なプロジェクト（実行用）\DensanActionGame2\Debug\mt.read.1.tlog
C:\Users\info\Desktop\完全なプロジェクト（実行用）\DensanActionGame2\Debug\mt.write.1.tlog
C:\USERS\INFO\DESKTOP\完全なプロジェクト（実行用）\DENSANACTIONGAME2\DEBUG\NOATTACK.OBJ
C:\USERS\INFO\DESKTOP\完全なプロジェクト（実行用）\DENSANACTIONGAME2\DEBUG\NORMALATTACK.OBJ
C:\USERS\INFO\DESKTOP\完全なプロジェクト（実行用）\DENSANACTIONGAME2\DEBUG\NORMALBULLET.OBJ
C:\USERS\INFO\DESKTOP\完全なプロジェクト（実行用）\DENSANACTIONGAME2\DEBUG\OBJECTMANAGER.OBJ
C:\USERS\INFO\DESKTOP\完全なプロジェクト（実行用）\DENSANACTIONGAME2\DEBUG\PLAYER.OBJ
C:\USERS\INFO\DESKTOP\完全なプロジェクト（実行用）\DENSANACTIONGAME2\DEBUG\PLAYERCONTROLLER.OBJ
C:\Users\info\Desktop\完全なプロジェクト（実行用）\DensanActionGame2\Debug\rc.command.1.tlog
C:\Users\info\Desktop\完全なプロジェクト（実行用）\DensanActionGame2\Debug\rc.read.1.tlog
C:\Users\info\Desktop\完全なプロジェクト（実行用）\DensanActionGame2\Debug\rc.write.1.tlog
C:\USERS\INFO\DESKTOP\完全なプロジェクト（実行用）\DENSANACTIONGAME2\DEBUG\TAIHOU.OBJ
C:\Users\info\Desktop\完全なプロジェクト（実行用）\DensanActionGame2\Debug\vc100.idb
C:\USERS\INFO\DESKTOP\完全なプロジェクト（実行用）\DENSANACTIONGAME2\DEBUG\VC100.PDB
C:\USERS\INFO\DESKTOP\完全なプロジェクト（実行用）\DENSANACTIONGAME2\DEBUG\WALKSTRAIGHT.OBJ
