2014/09/01 12:46:13 にビルドを開始しました。
     1>ノード 2 上のプロジェクト "C:\Users\info\Desktop\作業\とりあえずいったん公開したい\DensanActionGame2\DensanActionGame2.vcxproj" (build ターゲット)。
     1>InitializeBuildStatus:
         "AlwaysCreate" が指定されたため "Debug\DensanActionGame2.unsuccessfulbuild" を作成しています。
       ClCompile:
         c:\Program Files\Microsoft Visual Studio 10.0\VC\bin\CL.exe /c /I"C:\DxLib_VC\プロジェクトに追加すべきファイル_VC用" /ZI /nologo /W3 /WX- /Od /Oy- /D WIN32 /D _DEBUG /D _WINDOWS /D _MBCS /Gm /EHsc /RTC1 /MTd /GS /fp:precise /Zc:wchar_t /Zc:forScope /Fo"Debug\\" /Fd"Debug\vc100.pdb" /Gd /TP /analyze- /errorReport:prompt Player.cpp
         Player.cpp
     1>c:\users\info\desktop\作業\とりあえずいったん公開したい\densanactiongame2\player.cpp(9): warning C4355: 'this' : ベース メンバー初期化子リストで使用されました。
     1>c:\users\info\desktop\作業\とりあえずいったん公開したい\densanactiongame2\player.cpp(9): warning C4355: 'this' : ベース メンバー初期化子リストで使用されました。
       ManifestResourceCompile:
         すべての出力が最新のものです。
       Link:
         c:\Program Files\Microsoft Visual Studio 10.0\VC\bin\link.exe /ERRORREPORT:PROMPT /OUT:"C:\Users\info\Desktop\作業\とりあえずいったん公開したい\DensanActionGame2\Debug\DensanActionGame2.exe" /INCREMENTAL /NOLOGO /LIBPATH:"C:\DxLib_VC\プロジェクトに追加すべきファイル_VC用" kernel32.lib user32.lib gdi32.lib winspool.lib comdlg32.lib advapi32.lib shell32.lib ole32.lib oleaut32.lib uuid.lib odbc32.lib odbccp32.lib /MANIFEST /ManifestFile:"Debug\DensanActionGame2.exe.intermediate.manifest" /MANIFESTUAC:"level='asInvoker' uiAccess='false'" /DEBUG /PDB:"C:\Users\info\Desktop\作業\とりあえずいったん公開したい\DensanActionGame2\Debug\DensanActionGame2.pdb" /SUBSYSTEM:WINDOWS /TLBID:1 /DYNAMICBASE /NXCOMPAT /IMPLIB:"C:\Users\info\Desktop\作業\とりあえずいったん公開したい\DensanActionGame2\Debug\DensanActionGame2.lib" /MACHINE:X86 Debug\DensanActionGame2.exe.embed.manifest.res
         Debug\AimAttack.obj
         Debug\AimBullet.obj
         Debug\AObject.obj
         Debug\Attack.obj
         Debug\AttackBullet.obj
         Debug\Bullet.obj
         Debug\Character.obj
         Debug\CharacterController.obj
         Debug\Coin.obj
         Debug\Enemy.obj
         Debug\Field.obj
         Debug\GameMain.obj
         Debug\GoalFlag.obj
         Debug\Item.obj
         Debug\Jumping.obj
         Debug\JumpKame.obj
         Debug\Kame.obj
         Debug\LoadGraphic.obj
         Debug\main.obj
         Debug\Map.obj
         Debug\MapFactory.obj
         Debug\Menu.obj
         Debug\NoAttack.obj
         Debug\NormalAttack.obj
         Debug\NormalBullet.obj
         Debug\ObjectManager.obj
         Debug\Player.obj
         Debug\PlayerController.obj
         Debug\Taihou.obj
         Debug\WalkStraight.obj
         Debug\Warp.obj
       Manifest:
         C:\Program Files\Microsoft SDKs\Windows\v7.0A\bin\mt.exe /nologo /verbose /out:"Debug\DensanActionGame2.exe.embed.manifest" /manifest Debug\DensanActionGame2.exe.intermediate.manifest
         すべての出力が最新のものです。
       LinkEmbedManifest:
         すべての出力が最新のものです。
         DensanActionGame2.vcxproj -> C:\Users\info\Desktop\作業\とりあえずいったん公開したい\DensanActionGame2\Debug\DensanActionGame2.exe
       FinalizeBuildStatus:
         ファイル "Debug\DensanActionGame2.unsuccessfulbuild" を削除しています。
         "Debug\DensanActionGame2.lastbuildstate" のタッチ タスクを実行しています。
     1>プロジェクト "C:\Users\info\Desktop\作業\とりあえずいったん公開したい\DensanActionGame2\DensanActionGame2.vcxproj" (build ターゲット) のビルドが完了しました。

ビルドに成功しました。

経過時間 00:00:05.05
